[1/1] Loading Miniforge...
  Python: /apps/software/standard/core/miniforge/24.11.3-py3.12/bin/python
  Version: Python 3.12.9
============================================
Job ID:        10328956
Node:          udc-an25-24
Partition:     gpu-a6000
Start time:    Tue Mar 17 20:33:53 EDT 2026
--------------------------------------------
Python:        /apps/software/standard/core/miniforge/24.11.3-py3.12/bin/python
PyTorch:       2.9.0+cu130
CUDA avail:    True
GPU:           NVIDIA RTX A6000
CUDA version:  13.0
============================================
============================================================
Experiment: baseline_mlp
Model:      mlp
Config:     /home/thq3hn/development/DS6050_G12_PROJECT/configs/baseline_mlp.yaml
============================================================
[DEVICE] cuda
[DEVICE] GPU: NVIDIA RTX A6000
[DATA] Train: 50000, Val: 10000, Test: 10000
[DATA] Train class counts: [4926 4973 5015 5055 5026 5001 4967 5048 5021 4968]
[DATA] Val class counts:   [1074 1027  985  945  974  999 1033  952  979 1032]
[DATA] Trivial baseline (random): 10.0%
[MODEL] Parameters: 535,818
[MODEL] FLOPs: 535,040
  Epoch   1/50 | Train Loss: 1.2653  Acc: 0.7323 | Val Loss: 0.4665  Acc: 0.8398
  Epoch   2/50 | Train Loss: 0.5716  Acc: 0.8034 | Val Loss: 0.4332  Acc: 0.8481
  Epoch   3/50 | Train Loss: 0.4886  Acc: 0.8266 | Val Loss: 0.3919  Acc: 0.8562
  Epoch   4/50 | Train Loss: 0.4452  Acc: 0.8394 | Val Loss: 0.3768  Acc: 0.8660
  Epoch   5/50 | Train Loss: 0.4124  Acc: 0.8511 | Val Loss: 0.3679  Acc: 0.8652
  Epoch   6/50 | Train Loss: 0.3932  Acc: 0.8556 | Val Loss: 0.3569  Acc: 0.8675
  Epoch   7/50 | Train Loss: 0.3826  Acc: 0.8624 | Val Loss: 0.3513  Acc: 0.8756
  Epoch   8/50 | Train Loss: 0.3675  Acc: 0.8652 | Val Loss: 0.3672  Acc: 0.8655
  Epoch   9/50 | Train Loss: 0.3568  Acc: 0.8689 | Val Loss: 0.3478  Acc: 0.8747
  Epoch  10/50 | Train Loss: 0.3426  Acc: 0.8741 | Val Loss: 0.3551  Acc: 0.8758
  Epoch  11/50 | Train Loss: 0.3387  Acc: 0.8749 | Val Loss: 0.3324  Acc: 0.8803
  Epoch  12/50 | Train Loss: 0.3325  Acc: 0.8769 | Val Loss: 0.3316  Acc: 0.8791
  Epoch  13/50 | Train Loss: 0.3260  Acc: 0.8790 | Val Loss: 0.3373  Acc: 0.8780
  Epoch  14/50 | Train Loss: 0.3188  Acc: 0.8804 | Val Loss: 0.3255  Acc: 0.8831
  Epoch  15/50 | Train Loss: 0.3145  Acc: 0.8839 | Val Loss: 0.3309  Acc: 0.8827
  Epoch  16/50 | Train Loss: 0.3109  Acc: 0.8842 | Val Loss: 0.3203  Acc: 0.8882
  Epoch  17/50 | Train Loss: 0.2965  Acc: 0.8886 | Val Loss: 0.3180  Acc: 0.8868
  Epoch  18/50 | Train Loss: 0.2962  Acc: 0.8911 | Val Loss: 0.3226  Acc: 0.8867
  Epoch  19/50 | Train Loss: 0.2906  Acc: 0.8907 | Val Loss: 0.3270  Acc: 0.8873
  Epoch  20/50 | Train Loss: 0.2907  Acc: 0.8918 | Val Loss: 0.3182  Acc: 0.8890
  Epoch  21/50 | Train Loss: 0.2806  Acc: 0.8955 | Val Loss: 0.3195  Acc: 0.8867
  Epoch  22/50 | Train Loss: 0.2810  Acc: 0.8951 | Val Loss: 0.3434  Acc: 0.8762
  [EARLY STOP] No improvement for 5 epochs.

============================================================
RESULTS SUMMARY
============================================================
  Accuracy:      0.8762
  F1 (macro):    0.8758
  Train time:    82.7s
  Epochs run:    22
  GPU memory:    28.6 MB

  Per-class F1:
    T-shirt/top    : 0.8285 *** HARD CLASS
    Trouser        : 0.9844
    Pullover       : 0.7884 *** HARD CLASS
    Dress          : 0.8870
    Coat           : 0.7977 *** HARD CLASS
    Sandal         : 0.9545
    Shirt          : 0.6884 *** HARD CLASS
    Sneaker        : 0.9222
    Bag            : 0.9666
    Ankle boot     : 0.9405
[LOG] Result appended to ~/development/DS6050_G12_PROJECT/results/all_experiments.csv
[LOG] Curves saved to ~/development/DS6050_G12_PROJECT/results/curves/baseline_mlp.json

[DONE]
============================================
End time:      Tue Mar 17 20:35:55 EDT 2026
Exit code:     0
============================================
