[1/1] Loading Miniforge...
  Python: /apps/software/standard/core/miniforge/24.11.3-py3.12/bin/python
  Version: Python 3.12.9
============================================
Job ID:        10325365
Node:          udc-an25-20
Partition:     gpu-a6000
Start time:    Tue Mar 17 15:31:59 EDT 2026
--------------------------------------------
Python:        /apps/software/standard/core/miniforge/24.11.3-py3.12/bin/python
PyTorch:       
CUDA avail:    
GPU:           
CUDA version:  
============================================
Job started on host: udc-an25-20
Message: Hello from Slurm Python job!
Job completed successfully.
============================================
End time:      Tue Mar 17 15:32:04 EDT 2026
Exit code:     0
============================================
[2026-03-17T15:32:04.659] error: Detected 4 oom_kill events in StepId=10325365.batch. Some of the step tasks have been OOM Killed.
