[1/1] Loading Miniforge...
  Python: /apps/software/standard/core/miniforge/24.11.3-py3.12/bin/python
  Version: Python 3.12.9
============================================
Job ID:        10325394
Node:          udc-an25-24
Partition:     gpu-a6000
Start time:    Tue Mar 17 15:35:54 EDT 2026
--------------------------------------------
Python:        /apps/software/standard/core/miniforge/24.11.3-py3.12/bin/python
PyTorch:       2.9.0+cu130
CUDA avail:    True
GPU:           NVIDIA RTX A6000
CUDA version:  13.0
============================================
Job started on host: udc-an25-24
Message: Hello from Slurm Python job!
Job completed successfully.
============================================
End time:      Tue Mar 17 15:36:07 EDT 2026
Exit code:     0
============================================
