[1/1] Loading Miniforge...
  Python: /apps/software/standard/core/miniforge/24.11.3-py3.12/bin/python
  Version: Python 3.12.9
============================================
Job ID:        10325586
Node:          udc-aw32-1c0
Partition:     interactive-rivanna
Start time:    Tue Mar 17 15:54:33 EDT 2026
--------------------------------------------
Python:        /apps/software/standard/core/miniforge/24.11.3-py3.12/bin/python
PyTorch:       2.9.0+cu130
CUDA avail:    False
GPU:           NONE
CUDA version:  13.0
============================================
Job started on host: udc-aw32-1c0
Message: Hello from Slurm Python job!
Job completed successfully.
============================================
End time:      Tue Mar 17 15:54:46 EDT 2026
Exit code:     0
============================================
